2021-01-20 11:45:59.557  WARN 34964 --- [Test worker] ory$DuplicateJsonObjectContextCustomizer : 

Found multiple occurrences of org.json.JSONObject on the class path:

	jar:file:/Users/nguyenhoanganh/.gradle/caches/modules-2/files-2.1/org.json/json/20180813/8566b2b0391d9d4479ea225645c6ed47ef17fe41/json-20180813.jar!/org/json/JSONObject.class
	jar:file:/Users/nguyenhoanganh/.gradle/caches/modules-2/files-2.1/com.vaadin.external.google/android-json/0.0.20131108.vaadin1/fa26d351fe62a6a17f5cda1287c1c6110dec413f/android-json-0.0.20131108.vaadin1.jar!/org/json/JSONObject.class

You may wish to exclude one of them to ensure predictable runtime behavior

2021-01-20 11:45:59.617  INFO 34964 --- [Test worker] c.h.schoolBus.SchoolBusApplicationTests  : Starting SchoolBusApplicationTests using Java 11.0.9.1 on MacOnes-MacBook-Pro.local with PID 34964 (started by nguyenhoanganh in /Users/nguyenhoanganh/Desktop/schoolBus)
2021-01-20 11:45:59.623  INFO 34964 --- [Test worker] c.h.schoolBus.SchoolBusApplicationTests  : No active profile set, falling back to default profiles: default
2021-01-20 11:46:02.021  INFO 34964 --- [Test worker] .s.d.r.c.RepositoryConfigurationDelegate : Bootstrapping Spring Data JPA repositories in DEFERRED mode.
2021-01-20 11:46:02.335  INFO 34964 --- [Test worker] .s.d.r.c.RepositoryConfigurationDelegate : Finished Spring Data repository scanning in 295 ms. Found 6 JPA repository interfaces.
2021-01-20 11:46:03.406  INFO 34964 --- [Test worker] trationDelegate$BeanPostProcessorChecker : Bean 'org.springframework.security.access.expression.method.DefaultMethodSecurityExpressionHandler@488c1d0f' of type [org.springframework.security.access.expression.method.DefaultMethodSecurityExpressionHandler] is not eligible for getting processed by all BeanPostProcessors (for example: not eligible for auto-proxying)
2021-01-20 11:46:03.466  INFO 34964 --- [Test worker] trationDelegate$BeanPostProcessorChecker : Bean 'methodSecurityMetadataSource' of type [org.springframework.security.access.method.DelegatingMethodSecurityMetadataSource] is not eligible for getting processed by all BeanPostProcessors (for example: not eligible for auto-proxying)
2021-01-20 11:46:04.758  INFO 34964 --- [Test worker] o.hibernate.jpa.internal.util.LogHelper  : HHH000204: Processing PersistenceUnitInfo [name: default]
2021-01-20 11:46:04.887  INFO 34964 --- [Test worker] org.hibernate.Version                    : HHH000412: Hibernate ORM core version 5.4.23.Final
2021-01-20 11:46:05.129  INFO 34964 --- [Test worker] o.hibernate.annotations.common.Version   : HCANN000001: Hibernate Commons Annotations {5.1.2.Final}
2021-01-20 11:46:05.284  INFO 34964 --- [Test worker] com.zaxxer.hikari.HikariDataSource       : HikariPool-1 - Starting...
2021-01-20 11:46:05.380  INFO 34964 --- [Test worker] com.zaxxer.hikari.HikariDataSource       : HikariPool-1 - Start completed.
2021-01-20 11:46:05.396  INFO 34964 --- [Test worker] org.hibernate.dialect.Dialect            : HHH000400: Using dialect: org.hibernate.dialect.PostgreSQLDialect
2021-01-20 11:46:07.628  INFO 34964 --- [Test worker] o.h.e.t.j.p.i.JtaPlatformInitiator       : HHH000490: Using JtaPlatform implementation: [org.hibernate.engine.transaction.jta.platform.internal.NoJtaPlatform]
2021-01-20 11:46:07.638  INFO 34964 --- [Test worker] j.LocalContainerEntityManagerFactoryBean : Initialized JPA EntityManagerFactory for persistence unit 'default'
2021-01-20 11:46:07.803  WARN 34964 --- [Test worker] JpaBaseConfiguration$JpaWebConfiguration : spring.jpa.open-in-view is enabled by default. Therefore, database queries may be performed during view rendering. Explicitly configure spring.jpa.open-in-view to disable this warning
2021-01-20 11:46:08.675  INFO 34964 --- [Test worker] o.s.s.concurrent.ThreadPoolTaskExecutor  : Initializing ExecutorService 'clientInboundChannelExecutor'
2021-01-20 11:46:08.840  INFO 34964 --- [Test worker] o.s.s.concurrent.ThreadPoolTaskExecutor  : Initializing ExecutorService 'clientOutboundChannelExecutor'
2021-01-20 11:46:09.753  INFO 34964 --- [Test worker] o.s.s.c.ThreadPoolTaskScheduler          : Initializing ExecutorService 'messageBrokerTaskScheduler'
2021-01-20 11:46:10.294  INFO 34964 --- [Test worker] o.s.b.a.w.s.WelcomePageHandlerMapping    : Adding welcome page: class path resource [public/index.html]
2021-01-20 11:46:10.687  INFO 34964 --- [Test worker] o.s.s.web.DefaultSecurityFilterChain     : Will secure any request with [org.springframework.security.web.context.request.async.WebAsyncManagerIntegrationFilter@2768f8b4, org.springframework.security.web.context.SecurityContextPersistenceFilter@631498a6, org.springframework.security.web.header.HeaderWriterFilter@1b7ea3bf, org.springframework.web.filter.CorsFilter@2823c336, org.springframework.security.web.authentication.logout.LogoutFilter@2b8dabb6, com.hoanganhbk.schoolBus.app.security.JwtAuthenticationFilter@3074d362, org.springframework.security.web.savedrequest.RequestCacheAwareFilter@6e0507d6, org.springframework.security.web.servletapi.SecurityContextHolderAwareRequestFilter@3bb63bc5, org.springframework.security.web.authentication.AnonymousAuthenticationFilter@7501ead6, org.springframework.security.web.session.SessionManagementFilter@95fdd2e, org.springframework.security.web.access.ExceptionTranslationFilter@2d63fdfa, org.springframework.security.web.access.intercept.FilterSecurityInterceptor@5b8dbeb7]
2021-01-20 11:46:10.772  INFO 34964 --- [Test worker] o.s.s.concurrent.ThreadPoolTaskExecutor  : Initializing ExecutorService 'brokerChannelExecutor'
2021-01-20 11:46:12.132  INFO 34964 --- [Test worker] o.s.m.s.b.SimpleBrokerMessageHandler     : Starting...
2021-01-20 11:46:12.133  INFO 34964 --- [Test worker] o.s.m.s.b.SimpleBrokerMessageHandler     : BrokerAvailabilityEvent[available=true, SimpleBrokerMessageHandler [org.springframework.messaging.simp.broker.DefaultSubscriptionRegistry@2c2da515]]
2021-01-20 11:46:12.134  INFO 34964 --- [Test worker] o.s.m.s.b.SimpleBrokerMessageHandler     : Started.
2021-01-20 11:46:12.135  INFO 34964 --- [Test worker] DeferredRepositoryInitializationListener : Triggering deferred initialization of Spring Data repositories…
2021-01-20 11:46:13.728  INFO 34964 --- [Test worker] DeferredRepositoryInitializationListener : Spring Data repositories initialized!
2021-01-20 11:46:13.749  INFO 34964 --- [Test worker] c.h.schoolBus.SchoolBusApplicationTests  : Started SchoolBusApplicationTests in 14.749 seconds (JVM running for 16.985)
2021-01-20 11:46:14.142  INFO 34964 --- [SpringContextShutdownHook] o.s.m.s.b.SimpleBrokerMessageHandler     : Stopping...
2021-01-20 11:46:14.143  INFO 34964 --- [SpringContextShutdownHook] o.s.m.s.b.SimpleBrokerMessageHandler     : BrokerAvailabilityEvent[available=false, SimpleBrokerMessageHandler [org.springframework.messaging.simp.broker.DefaultSubscriptionRegistry@2c2da515]]
2021-01-20 11:46:14.143  INFO 34964 --- [SpringContextShutdownHook] o.s.m.s.b.SimpleBrokerMessageHandler     : Stopped.
2021-01-20 11:46:14.148  INFO 34964 --- [SpringContextShutdownHook] o.s.s.concurrent.ThreadPoolTaskExecutor  : Shutting down ExecutorService 'brokerChannelExecutor'
2021-01-20 11:46:14.149  INFO 34964 --- [SpringContextShutdownHook] o.s.s.c.ThreadPoolTaskScheduler          : Shutting down ExecutorService 'messageBrokerTaskScheduler'
2021-01-20 11:46:14.150  INFO 34964 --- [SpringContextShutdownHook] o.s.s.concurrent.ThreadPoolTaskExecutor  : Shutting down ExecutorService 'clientOutboundChannelExecutor'
2021-01-20 11:46:14.151  INFO 34964 --- [SpringContextShutdownHook] o.s.s.concurrent.ThreadPoolTaskExecutor  : Shutting down ExecutorService 'clientInboundChannelExecutor'
2021-01-20 11:46:14.151  INFO 34964 --- [SpringContextShutdownHook] j.LocalContainerEntityManagerFactoryBean : Closing JPA EntityManagerFactory for persistence unit 'default'
2021-01-20 11:46:14.153  INFO 34964 --- [SpringContextShutdownHook] com.zaxxer.hikari.HikariDataSource       : HikariPool-1 - Shutdown initiated...
2021-01-20 11:46:14.169  INFO 34964 --- [SpringContextShutdownHook] com.zaxxer.hikari.HikariDataSource       : HikariPool-1 - Shutdown completed.
